<?xml version="1.0" encoding="UTF-8"?>
<!-- Generated by org.testng.reporters.JUnitReportReporter -->
<testsuite skipped="0" hostname="Charlse-MBP.local" name="restful.HttpClientTest" tests="1" failures="0" timestamp="30 三月 2017 07:05:05 GMT" time="0.862" errors="0">
  <testcase name="runTest" time="0.862" classname="restful.HttpClientTest"/>
</testsuite> <!-- restful.HttpClientTest -->
