<?xml version="1.0" encoding="UTF-8"?>
<!-- Generated by org.testng.reporters.JUnitReportReporter -->
<testsuite skipped="0" hostname="Charlse-MBP.local" name="RestfulClassWriter" tests="1" failures="0" timestamp="06 四月 2017 07:27:01 GMT" time="0.029" errors="0">
  <testcase name="runTest" time="0.029" classname="RestfulClassWriter"/>
</testsuite> <!-- RestfulClassWriter -->
