<?xml version="1.0" encoding="UTF-8"?>
<!-- Generated by org.testng.reporters.JUnitReportReporter -->
<testsuite skipped="0" hostname="Charlse-MBP.local" name="BuilderTest" tests="1" failures="0" timestamp="28 三月 2017 04:46:07 GMT" time="0.053" errors="0">
  <testcase name="runTest" time="0.053" classname="BuilderTest"/>
</testsuite> <!-- BuilderTest -->
