<?xml version="1.0" encoding="UTF-8"?>
<!-- Generated by org.testng.reporters.JUnitReportReporter -->
<testsuite skipped="0" hostname="Charlse-MBP.local" name="compile.ClauseTest" tests="1" failures="0" timestamp="06 四月 2017 10:03:25 GMT" time="0.026" errors="0">
  <testcase name="f" time="0.026" classname="compile.ClauseTest"/>
</testsuite> <!-- compile.ClauseTest -->
