<?xml version="1.0" encoding="UTF-8"?>
<!-- Generated by org.testng.reporters.JUnitReportReporter -->
<testsuite skipped="0" hostname="Charlse-MBP.local" name="CompileTest" tests="1" failures="0" timestamp="27 三月 2017 12:48:18 GMT" time="0.063" errors="0">
  <testcase name="keywordTest" time="0.063" classname="CompileTest"/>
</testsuite> <!-- CompileTest -->
