<?xml version="1.0" encoding="UTF-8"?>
<!-- Generated by org.testng.reporters.JUnitReportReporter -->
<testsuite skipped="0" hostname="Charlse-MBP.lan" name="compile.DynamicBuildTest" tests="1" failures="0" timestamp="10 四月 2017 13:40:51 GMT" time="0.967" errors="0">
  <testcase name="runTest" time="0.967" classname="compile.DynamicBuildTest"/>
</testsuite> <!-- compile.DynamicBuildTest -->
