<?xml version="1.0" encoding="UTF-8"?>
<!-- Generated by org.testng.reporters.JUnitReportReporter -->
<testsuite skipped="0" hostname="Charlse-MBP.lan" name="TestExcel" tests="1" failures="0" timestamp="13 四月 2017 14:09:54 GMT" time="0.428" errors="0">
  <testcase name="f" time="0.428" classname="TestExcel"/>
</testsuite> <!-- TestExcel -->
