<?xml version="1.0" encoding="UTF-8"?>
<!-- Generated by org.testng.reporters.JUnitReportReporter -->
<testsuite skipped="0" hostname="Charlse-MBP.lan" name="MethodTest" tests="1" failures="0" timestamp="12 四月 2017 14:46:50 GMT" time="0.241" errors="0">
  <testcase name="runTest" time="0.241" classname="MethodTest"/>
</testsuite> <!-- MethodTest -->
