<?xml version="1.0" encoding="UTF-8"?>
<!-- Generated by org.testng.reporters.JUnitReportReporter -->
<testsuite skipped="0" hostname="Charlse-MBP.local" name="ClazzWriterTest" tests="1" failures="0" timestamp="30 三月 2017 04:58:43 GMT" time="0.019" errors="0">
  <testcase name="runTest" time="0.019" classname="ClazzWriterTest"/>
</testsuite> <!-- ClazzWriterTest -->
