<?xml version="1.0" encoding="UTF-8"?>
<!-- Generated by org.testng.reporters.JUnitReportReporter -->
<testsuite skipped="0" hostname="Charlse-MBP.local" name="DeclareTest" tests="1" failures="0" timestamp="06 四月 2017 07:52:17 GMT" time="0.020" errors="0">
  <testcase name="runTest" time="0.020" classname="DeclareTest"/>
</testsuite> <!-- DeclareTest -->
